<?xml version="1.0" encoding="UTF-8"?>
<!-- Generated by org.testng.reporters.JUnitReportReporter -->
<testsuite skipped="0" hostname="DESKTOP-CTHCP2B" name="com.xucc.demo.SayHelloAppTest" tests="1" failures="0" timestamp="01 七月 2018 08:02:58 GMT" time="0.027" errors="0">
  <testcase name="test" time="0.027" classname="com.xucc.demo.SayHelloAppTest"/>
</testsuite> <!-- com.xucc.demo.SayHelloAppTest -->
